# JRE version: OpenJDK Runtime Environment (17.0.17+10) (build 17.0.17+10-Ubuntu-122.04)
# Java VM: OpenJDK 64-Bit Server VM (17.0.17+10-Ubuntu-122.04, mixed mode, sharing, tiered, compressed oops, compressed class ptrs, g1 gc, linux-amd64)
GC Precious Log:
 CPUs: 12 total, 12 available
 Memory: 31764M
 Large Page Support: Disabled
 NUMA Support: Disabled
 Compressed Oops: Enabled (Zero based)
 Heap Region Size: 4M
 Heap Min Capacity: 8M
 Heap Initial Capacity: 500M
 Heap Max Capacity: 7944M
 Pre-touch: Disabled
 Parallel Workers: 10
 Concurrent Workers: 3
 Concurrent Refinement Workers: 10
 Periodic GC: Disabled
Heap:
 garbage-first heap   total 122880K, used 26907K [0x000000060f800000, 0x0000000800000000)
  region size 4096K, 6 young (24576K), 5 survivors (20480K)
 Metaspace       used 24753K, committed 25088K, reserved 1114112K
  class space    used 2920K, committed 3072K, reserved 1048576K
GC Heap History (6 events):
Event: 0,288 GC heap before
{Heap before GC invocations=0 (full 0):
 garbage-first heap   total 520192K, used 28596K [0x000000060f800000, 0x0000000800000000)
  region size 4096K, 6 young (24576K), 0 survivors (0K)
 Metaspace       used 5502K, committed 5632K, reserved 1114112K
  class space    used 675K, committed 768K, reserved 1048576K
}
Event: 0,289 GC heap after
{Heap after GC invocations=1 (full 0):
 garbage-first heap   total 520192K, used 7265K [0x000000060f800000, 0x0000000800000000)
  region size 4096K, 1 young (4096K), 1 survivors (4096K)
 Metaspace       used 5502K, committed 5632K, reserved 1114112K
  class space    used 675K, committed 768K, reserved 1048576K
}
Event: 0,526 GC heap before
{Heap before GC invocations=1 (full 0):
 garbage-first heap   total 520192K, used 35937K [0x000000060f800000, 0x0000000800000000)
  region size 4096K, 8 young (32768K), 1 survivors (4096K)
 Metaspace       used 9966K, committed 10112K, reserved 1114112K
  class space    used 1227K, committed 1280K, reserved 1048576K
}
Event: 0,527 GC heap after
{Heap after GC invocations=2 (full 0):
 garbage-first heap   total 520192K, used 8906K [0x000000060f800000, 0x0000000800000000)
  region size 4096K, 1 young (4096K), 1 survivors (4096K)
 Metaspace       used 9966K, committed 10112K, reserved 1114112K
  class space    used 1227K, committed 1280K, reserved 1048576K
}
Event: 1,675 GC heap before
{Heap before GC invocations=2 (full 0):
 garbage-first heap   total 520192K, used 209610K [0x000000060f800000, 0x0000000800000000)
  region size 4096K, 51 young (208896K), 1 survivors (4096K)
 Metaspace       used 21177K, committed 21504K, reserved 1114112K
  class space    used 2501K, committed 2688K, reserved 1048576K
}
Event: 1,682 GC heap after
{Heap after GC invocations=3 (full 0):
 garbage-first heap   total 520192K, used 26907K [0x000000060f800000, 0x0000000800000000)
  region size 4096K, 5 young (20480K), 5 survivors (20480K)
 Metaspace       used 21177K, committed 21504K, reserved 1114112K
  class space    used 2501K, committed 2688K, reserved 1048576K
}

